app/build/intermediates/manifest_merge_blame_file/debug/manifest-merger-blame-debug-report.txt
1<?xml version="1.0" encoding="utf-8"?>
2<manifest xmlns:android="http://schemas.android.com/apk/res/android"
3    package="com.example.galleryphotos"
4    android:versionCode="1"
5    android:versionName="1.0" >
6
7    <uses-sdk
8        android:minSdkVersion="16"
8-->src/main/AndroidManifest.xml
9        android:targetSdkVersion="30" />
9-->src/main/AndroidManifest.xml
10
11    <uses-permission android:name="android.permission.READ_EXTERNAL_STORAGE" />
11-->src/main/AndroidManifest.xml:5:5-80
11-->src/main/AndroidManifest.xml:5:22-77
12    <uses-permission android:name="android.permission.WRITE_EXTERNAL_STORAGE" />
12-->src/main/AndroidManifest.xml:6:5-81
12-->src/main/AndroidManifest.xml:6:22-78
13    <uses-permission android:name="android.permission.CAMERA" />
13-->src/main/AndroidManifest.xml:7:5-65
13-->src/main/AndroidManifest.xml:7:22-62
14
15    <application
15-->src/main/AndroidManifest.xml:9:5-34:19
16        android:allowBackup="true"
16-->src/main/AndroidManifest.xml:10:9-35
17        android:appComponentFactory="androidx.core.app.CoreComponentFactory"
17-->[androidx.core:core:1.5.0] AndroidManifest.xml:24:18-86
18        android:debuggable="true"
19        android:icon="@mipmap/ic_launcher"
19-->src/main/AndroidManifest.xml:11:9-43
20        android:label="@string/app_name"
20-->src/main/AndroidManifest.xml:12:9-41
21        android:roundIcon="@mipmap/ic_launcher_round"
21-->src/main/AndroidManifest.xml:13:9-54
22        android:supportsRtl="true"
22-->src/main/AndroidManifest.xml:14:9-35
23        android:testOnly="true"
24        android:theme="@style/Theme.GalleryPhotos" >
24-->src/main/AndroidManifest.xml:15:9-51
25        <activity android:name="com.example.galleryphotos.Location" />
25-->src/main/AndroidManifest.xml:16:9-55
25-->src/main/AndroidManifest.xml:16:19-43
26        <activity android:name="com.example.galleryphotos.MainActivity" >
26-->src/main/AndroidManifest.xml:17:9-23:20
26-->src/main/AndroidManifest.xml:17:19-47
27            <intent-filter>
27-->src/main/AndroidManifest.xml:18:13-22:29
28                <action android:name="android.intent.action.MAIN" />
28-->src/main/AndroidManifest.xml:19:17-69
28-->src/main/AndroidManifest.xml:19:25-66
29
30                <category android:name="android.intent.category.LAUNCHER" />
30-->src/main/AndroidManifest.xml:21:17-77
30-->src/main/AndroidManifest.xml:21:27-74
31            </intent-filter>
32        </activity>
33
34        <provider
35            android:name="androidx.core.content.FileProvider"
35-->src/main/AndroidManifest.xml:26:13-62
36            android:authorities="com.example.galleryphotos.provider"
36-->src/main/AndroidManifest.xml:27:13-60
37            android:exported="false"
37-->src/main/AndroidManifest.xml:28:13-37
38            android:grantUriPermissions="true" >
38-->src/main/AndroidManifest.xml:29:13-47
39            <meta-data
39-->src/main/AndroidManifest.xml:30:13-32:67
40                android:name="android.support.FILE_PROVIDER_PATHS"
40-->src/main/AndroidManifest.xml:31:17-67
41                android:resource="@xml/provider_path" />
41-->src/main/AndroidManifest.xml:32:17-54
42        </provider>
43    </application>
44
45</manifest>